2024-08-24 15:23:48 [main] INFO  com.dao.ProductDAOClass - Fetching Product ID:1
2024-08-24 15:23:48 [main] DEBUG com.dao.ProductDAOClass - Product Retrieved
2024-08-24 15:42:39 [main] INFO  com.dao.ProductDAOClass - Fetching Product ID:1
2024-08-24 15:42:39 [main] DEBUG com.dao.ProductDAOClass - Product Retrieved
2024-08-25 13:50:46 [main] DEBUG com.dao.UserRegistrationDAOClass - Entering getAllUsers method
2024-08-25 13:50:47 [main] INFO  com.dao.UserRegistrationDAOClass - Retrieved 6 users
2024-08-25 13:53:00 [main] INFO  com.dao.ProductDAOClass - Fetching the all products
2024-08-25 13:53:18 [main] INFO  com.dao.ProductDAOClass - Fetching Product ID:1
2024-08-25 13:53:19 [main] DEBUG com.dao.ProductDAOClass - Product Retrieved
2024-08-25 13:53:53 [main] INFO  com.dao.ProductDAOClass - Fetching Product ID:40
2024-08-25 13:53:53 [main] DEBUG com.dao.ProductDAOClass - Product Retrieved
2024-08-25 20:00:28 [main] DEBUG com.dao.WishlistDAOClass - Entering WishlistResponse method
2024-08-25 20:00:29 [main] INFO  com.dao.WishlistDAOClass - Fetching Wishlist...
2024-08-25 20:00:29 [main] INFO  com.dao.WishlistDAOClass - Fetching Wishlist...
2024-08-25 20:00:29 [main] INFO  com.dao.WishlistDAOClass - Fetching Wishlist...
2024-08-25 20:00:29 [main] INFO  com.dao.WishlistDAOClass - Fetching Wishlist...
2024-08-25 20:00:29 [main] INFO  com.dao.WishlistDAOClass - Fetching Wishlist...
2024-08-25 20:00:29 [main] INFO  com.dao.WishlistDAOClass - Fetching Wishlist...
2024-08-25 20:00:29 [main] INFO  com.dao.WishlistDAOClass - Wishlist Retrieved 6 Successfully
2024-08-25 20:01:22 [main] DEBUG com.dao.WishlistDAOClass - Entering WishlistResponse method
2024-08-25 20:01:22 [main] INFO  com.dao.WishlistDAOClass - Fetching Wishlist...
2024-08-25 20:01:22 [main] INFO  com.dao.WishlistDAOClass - Wishlist Retrieved 6 Successfully2024-08-25 20:04:31 [main] DEBUG com.dao.WishlistDAOClass - Entering WishlistResponse method
2024-08-25 20:05:04 [main] DEBUG com.dao.WishlistDAOClass - Entering WishlistResponse method
2024-08-25 20:05:05 [main] INFO  com.dao.WishlistDAOClass - Fetching Wishlist...
2024-08-25 20:05:05 [main] INFO  com.dao.WishlistDAOClass - Wishlist Retrieved 6 Successfully
2024-08-26 12:17:08 [main] INFO  com.dao.ProductDAOClass - Fetching the all products
2024-08-26 12:19:09 [main] DEBUG com.dao.OrdersDAOClass - Entering into getAllOrders method
2024-08-26 12:19:09 [main] INFO  com.dao.OrdersDAOClass - Fetching Orders...
2024-08-26 12:19:09 [main] INFO  com.dao.OrdersDAOClass - Orders Retrieved 8 Successfully
2024-08-26 17:16:02 [main] DEBUG com.dao.UserRegistrationDAOClass - Entering getAllUsers method
2024-08-26 17:16:26 [main] DEBUG com.dao.UserRegistrationDAOClass - Entering getAllUsers method
2024-08-26 17:16:54 [main] DEBUG com.dao.UserRegistrationDAOClass - Entering getAllUsers method
2024-08-26 17:18:25 [main] DEBUG com.dao.UserRegistrationDAOClass - Entering getAllUsers method
2024-08-26 17:18:26 [main] INFO  com.dao.UserRegistrationDAOClass - Retrieved 0 users
2024-08-26 17:18:38 [main] DEBUG com.dao.UserRegistrationDAOClass - Entering getAllUsers method
2024-08-26 17:18:39 [main] INFO  com.dao.UserRegistrationDAOClass - Retrieved 0 users
2024-08-26 17:19:08 [main] DEBUG com.dao.UserRegistrationDAOClass - Entering CreateUser method with reqeuest: dto.UserRegistrationRequest@45b4c3a9
2024-08-26 17:19:33 [main] DEBUG com.dao.UserRegistrationDAOClass - Entering getAllUsers method
2024-08-26 17:19:34 [main] INFO  com.dao.UserRegistrationDAOClass - Retrieved 1 users
2024-08-30 12:32:12 [main] INFO  dao.UserRegistrationDAOClass - Retrieved 14 users
2024-08-30 12:32:43 [main] INFO  dao.SellerDAOClass - Retrieving all Sellers
2024-08-30 12:32:43 [main] INFO  dao.SellerDAOClass - Sellers Retrieved 8 Successfully
2024-08-30 12:32:54 [main] INFO  dao.WishlistDAOClass - Fetching Wishlist...
2024-08-30 12:32:54 [main] INFO  dao.WishlistDAOClass - Wishlist Retrieved 10 Successfully
2024-08-30 12:33:25 [main] INFO  dao.ProductDAOClass - Fetching the all products
2024-08-30 12:33:36 [main] INFO  dao.OrdersDAOClass - Fetching Orders...
2024-08-30 12:33:36 [main] INFO  dao.OrdersDAOClass - Orders Retrieved 5 Successfully
2024-08-30 12:33:47 [main] ERROR dao.OrderItemDAOClass - SQL Error while creating OrderItem with ID: 1
2024-08-30 12:33:47 [main] ERROR dao.OrderItemDAOClass - SQL Error while creating OrderItem with ID: 2
2024-08-30 12:33:47 [main] ERROR dao.OrderItemDAOClass - SQL Error while creating OrderItem with ID: 3
2024-08-30 12:33:47 [main] ERROR dao.OrderItemDAOClass - SQL Error while creating OrderItem with ID: 4
2024-08-30 12:33:47 [main] ERROR dao.OrderItemDAOClass - SQL Error while creating OrderItem with ID: 5
2024-08-30 12:33:47 [main] ERROR dao.OrderItemDAOClass - SQL Error while creating OrderItem with ID: 6
2024-08-30 12:33:47 [main] ERROR dao.OrderItemDAOClass - SQL Error while creating OrderItem with ID: 7
2024-08-30 12:33:47 [main] ERROR dao.OrderItemDAOClass - SQL Error while creating OrderItem with ID: 8
2024-08-30 12:33:47 [main] INFO  dao.OrderItemDAOClass - Feteching OrderITtem...
2024-08-30 12:33:47 [main] INFO  dao.OrderItemDAOClass - Feteching OrderITtem...
2024-08-30 12:33:47 [main] INFO  dao.OrderItemDAOClass - Feteching OrderITtem...
2024-08-30 12:33:47 [main] INFO  dao.OrderItemDAOClass - Feteching OrderITtem...
2024-08-30 12:33:47 [main] INFO  dao.OrderItemDAOClass - Feteching OrderITtem...
2024-08-30 12:33:47 [main] INFO  dao.OrderItemDAOClass - Feteching OrderITtem...
2024-08-30 12:33:47 [main] INFO  dao.OrderItemDAOClass - Feteching OrderITtem...
2024-08-30 12:33:47 [main] INFO  dao.OrderItemDAOClass - Retrived 7 successfully
2024-08-30 12:34:04 [main] INFO  dao.OrderItemDAOClass - Feteching OrderITtem...
2024-08-30 12:34:04 [main] INFO  dao.OrderItemDAOClass - Feteching OrderITtem...
2024-08-30 12:34:04 [main] INFO  dao.OrderItemDAOClass - Feteching OrderITtem...
2024-08-30 12:34:04 [main] INFO  dao.OrderItemDAOClass - Feteching OrderITtem...
2024-08-30 12:34:04 [main] INFO  dao.OrderItemDAOClass - Feteching OrderITtem...
2024-08-30 12:34:04 [main] INFO  dao.OrderItemDAOClass - Feteching OrderITtem...
2024-08-30 12:34:04 [main] INFO  dao.OrderItemDAOClass - Feteching OrderITtem...
2024-08-30 12:34:04 [main] INFO  dao.OrderItemDAOClass - Retrived 7 successfully
2024-08-30 12:34:19 [main] INFO  dao.OrderItemDAOClass - Feteching OrderITtem...
2024-08-30 12:34:19 [main] INFO  dao.OrderItemDAOClass - Feteching OrderITtem...
2024-08-30 12:34:19 [main] INFO  dao.OrderItemDAOClass - Feteching OrderITtem...
2024-08-30 12:34:19 [main] INFO  dao.OrderItemDAOClass - Feteching OrderITtem...
2024-08-30 12:34:19 [main] INFO  dao.OrderItemDAOClass - Feteching OrderITtem...
2024-08-30 12:34:19 [main] INFO  dao.OrderItemDAOClass - Feteching OrderITtem...
2024-08-30 12:34:19 [main] INFO  dao.OrderItemDAOClass - Feteching OrderITtem...
2024-08-30 12:34:19 [main] INFO  dao.OrderItemDAOClass - Retrived 7 successfully
2024-08-30 12:34:30 [main] INFO  dao.CategoryDAOClass - Fetching Category..
2024-08-30 12:34:30 [main] INFO  dao.CategoryDAOClass - Retrieved 5 Category
2024-08-30 12:34:42 [main] INFO  dao.CartDAOClass - Cart Fetching...
2024-08-30 12:34:42 [main] INFO  dao.CartDAOClass - Retrieved 7 carts
2024-08-30 12:35:18 [main] INFO  dao.UserRegistrationDAOClass - Retrieved 14 users
2024-08-30 13:02:17 [main] INFO  dao.UserRegistrationDAOClass - Retrieved 14 users
2024-09-02 21:31:32 [main] INFO  dao.OrdersDAOClass - Fetching Orders...
2024-09-02 21:31:32 [main] INFO  dao.OrdersDAOClass - Orders Retrieved 10 Successfully
2024-09-02 22:06:56 [main] INFO  dao.OrdersDAOClass - Fetching Orders...
2024-09-02 22:06:56 [main] INFO  dao.OrdersDAOClass - Orders Retrieved 10 Successfully
2024-09-02 22:20:45 [main] INFO  dao.OrdersDAOClass - Fetching orders for SellerID: 5
2024-09-02 22:20:45 [main] INFO  dao.OrdersDAOClass - Orders fetched successfully for SellerID: 5
